#
# There is insufficient memory for the Java Runtime Environment to continue.
# Native memory allocation (malloc) failed to allocate 1048576 bytes for AllocateHeap
# Possible reasons:
#   The system is out of physical RAM or swap space
#   The process is running with CompressedOops enabled, and the Java Heap may be blocking the growth of the native heap
# Possible solutions:
#   Reduce memory load on the system
#   Increase physical memory or swap space
#   Check if swap backing store is full
#   Decrease Java heap size (-Xmx/-Xms)
#   Decrease number of Java threads
#   Decrease Java thread stack sizes (-Xss)
#   Set larger code cache with -XX:ReservedCodeCacheSize=
#   JVM is running with Unscaled Compressed Oops mode in which the Java heap is
#     placed in the first 4GB address space. The Java Heap base address is the
#     maximum limit for the native heap growth. Please use -XX:HeapBaseMinAddress
#     to set the Java Heap base and to place the Java Heap above 4GB virtual address.
# This output file may be truncated or incomplete.
#
#  Out of Memory Error (memory/allocation.inline.hpp:61), pid=7596, tid=0x0000000000001488
#
# JRE version:  (8.0_271-b09) (build )
# Java VM: Java HotSpot(TM) 64-Bit Server VM (25.271-b09 mixed mode windows-amd64 compressed oops)
# Failed to write core dump. Minidumps are not enabled by default on client versions of Windows
#

---------------  T H R E A D  ---------------

Current thread (0x000000d977547000):  JavaThread "Unknown thread" [_thread_in_vm, id=5256, stack(0x000000d978d80000,0x000000d978e80000)]

Stack: [0x000000d978d80000,0x000000d978e80000]
Native frames: (J=compiled Java code, j=interpreted, Vv=VM code, C=native code)
V  [jvm.dll+0x33f6c9]
V  [jvm.dll+0x286122]
V  [jvm.dll+0x286dcd]
V  [jvm.dll+0x27d805]
V  [jvm.dll+0x1565d]
V  [jvm.dll+0x3da1f7]
V  [jvm.dll+0x3d6637]
V  [jvm.dll+0x10cfff]
V  [jvm.dll+0x21ab2b]
V  [jvm.dll+0x2494e7]
V  [jvm.dll+0x172a76]
C  [javaw.exe+0x2322]
C  [javaw.exe+0x16544]
C  [KERNEL32.DLL+0x16ad]
C  [ntdll.dll+0x734a5]


---------------  P R O C E S S  ---------------

Java Threads: ( => current thread )

Other Threads:

=>0x000000d977547000 (exited) JavaThread "Unknown thread" [_thread_in_vm, id=5256, stack(0x000000d978d80000,0x000000d978e80000)]

VM state:not at safepoint (normal execution)

VM Mutex/Monitor currently owned by a thread: None

heap address: 0x0000000081200000, size: 2030 MB, Compressed Oops mode: 32-bit
Narrow klass base: 0x0000000000000000, Narrow klass shift: 3
Compressed class space size: 1073741824 Address: 0x0000000100000000

Heap:
 PSYoungGen      total 38400K, used 665K [0x00000000d5b80000, 0x00000000d8600000, 0x0000000100000000)
  eden space 33280K, 2% used [0x00000000d5b80000,0x00000000d5c26670,0x00000000d7c00000)
  from space 5120K, 0% used [0x00000000d8100000,0x00000000d8100000,0x00000000d8600000)
  to   space 5120K, 0% used [0x00000000d7c00000,0x00000000d7c00000,0x00000000d8100000)
 ParOldGen       total 87552K, used 0K [0x0000000081200000, 0x0000000086780000, 0x00000000d5b80000)
  object space 87552K, 0% used [0x0000000081200000,0x0000000081200000,0x0000000086780000)
 Metaspace       used 752K, capacity 4480K, committed 4480K, reserved 1056768K
  class space    used 76K, capacity 384K, committed 384K, reserved 1048576K

Card table byte_map: [0x000000d979240000,0x000000d979640000] byte_map_base: 0x000000d978e37000

Marking Bits: (ParMarkBitMap*) 0x000000005af07fe0
 Begin Bits: [0x000000d979cf0000, 0x000000d97bca8000)
 End Bits:   [0x000000d97bca8000, 0x000000d97dc60000)

Polling page: 0x000000d9774a0000

CodeCache: size=245760Kb used=328Kb max_used=328Kb free=245431Kb
 bounds [0x000000d900000000, 0x000000d900270000, 0x000000d90f000000]
 total_blobs=58 nmethods=0 adapters=38
 compilation: enabled

Compilation events (0 events):
No events

GC Heap History (0 events):
No events

Deoptimization events (0 events):
No events

Classes redefined (0 events):
No events

Internal exceptions (0 events):
No events

Events (10 events):
Event: 0.189 loading class java/lang/Short
Event: 0.189 loading class java/lang/Short done
Event: 0.189 loading class java/lang/Integer
Event: 0.190 loading class java/lang/Integer done
Event: 0.190 loading class java/lang/Long
Event: 0.190 loading class java/lang/Long done
Event: 0.193 loading class java/lang/NullPointerException
Event: 0.193 loading class java/lang/NullPointerException done
Event: 0.193 loading class java/lang/ArithmeticException
Event: 0.193 loading class java/lang/ArithmeticException done


Dynamic libraries:
0x00007ff707200000 - 0x00007ff707247000 	C:\Program Files\Java\jre1.8.0_271\bin\javaw.exe
0x00007ffa9d1c0000 - 0x00007ffa9d36a000 	C:\Windows\SYSTEM32\ntdll.dll
0x00007ffa9b770000 - 0x00007ffa9b8aa000 	C:\Windows\system32\KERNEL32.DLL
0x00007ffa9a880000 - 0x00007ffa9a98f000 	C:\Windows\system32\KERNELBASE.dll
0x00007ffa98f50000 - 0x00007ffa98fd8000 	C:\Windows\system32\apphelp.dll
0x00007ffa94230000 - 0x00007ffa9427f000 	C:\Windows\AppPatch\AppPatch64\AcGenral.DLL
0x00007ffa9b1c0000 - 0x00007ffa9b267000 	C:\Windows\system32\msvcrt.dll
0x00007ffa9a370000 - 0x00007ffa9a39b000 	C:\Windows\SYSTEM32\SspiCli.dll
0x00007ffa9ce70000 - 0x00007ffa9cec1000 	C:\Windows\system32\SHLWAPI.dll
0x00007ffa9b450000 - 0x00007ffa9b5c1000 	C:\Windows\system32\USER32.dll
0x00007ffa9b2d0000 - 0x00007ffa9b448000 	C:\Windows\system32\ole32.dll
0x00007ffa9ba00000 - 0x00007ffa9ce20000 	C:\Windows\system32\SHELL32.dll
0x00007ffa99b40000 - 0x00007ffa99b5e000 	C:\Windows\SYSTEM32\USERENV.dll
0x00007ffa9ae80000 - 0x00007ffa9af25000 	C:\Windows\system32\ADVAPI32.dll
0x00007ffa8ef70000 - 0x00007ffa8ef8b000 	C:\Windows\SYSTEM32\MPR.dll
0x00007ffa9b630000 - 0x00007ffa9b766000 	C:\Windows\system32\RPCRT4.dll
0x00007ffa9ac40000 - 0x00007ffa9ac97000 	C:\Windows\SYSTEM32\sechost.dll
0x00007ffa9aca0000 - 0x00007ffa9ae76000 	C:\Windows\SYSTEM32\combase.dll
0x00007ffa9d070000 - 0x00007ffa9d1b4000 	C:\Windows\system32\GDI32.dll
0x00007ffa9a530000 - 0x00007ffa9a544000 	C:\Windows\SYSTEM32\profapi.dll
0x00007ffa98680000 - 0x00007ffa9871f000 	C:\Windows\SYSTEM32\SHCORE.dll
0x00007ffa9ce20000 - 0x00007ffa9ce54000 	C:\Windows\system32\IMM32.DLL
0x00007ffa9b8c0000 - 0x00007ffa9b9f9000 	C:\Windows\system32\MSCTF.dll
0x00007ffa979f0000 - 0x00007ffa97c4a000 	C:\Windows\WinSxS\amd64_microsoft.windows.common-controls_6595b64144ccf1df_6.0.9600.17031_none_6242a4b3ecbb55a1\COMCTL32.dll
0x00007ffa94210000 - 0x00007ffa94225000 	C:\Program Files\Java\jre1.8.0_271\bin\vcruntime140.dll
0x00007ffa94620000 - 0x00007ffa94624000 	C:\Program Files\Java\jre1.8.0_271\bin\api-ms-win-crt-runtime-l1-1-0.dll
0x00007ffa94510000 - 0x00007ffa94513000 	C:\Program Files\Java\jre1.8.0_271\bin\api-ms-win-crt-heap-l1-1-0.dll
0x00007ffa94200000 - 0x00007ffa94204000 	C:\Program Files\Java\jre1.8.0_271\bin\api-ms-win-crt-string-l1-1-0.dll
0x00007ffa941f0000 - 0x00007ffa941f4000 	C:\Program Files\Java\jre1.8.0_271\bin\api-ms-win-crt-stdio-l1-1-0.dll
0x00007ffa941e0000 - 0x00007ffa941e4000 	C:\Program Files\Java\jre1.8.0_271\bin\api-ms-win-crt-convert-l1-1-0.dll
0x00007ffa940e0000 - 0x00007ffa941da000 	C:\Program Files\Java\jre1.8.0_271\bin\ucrtbase.DLL
0x00007ffa93b50000 - 0x00007ffa93beb000 	C:\Program Files\Java\jre1.8.0_271\bin\msvcp140.dll
0x00007ffa940d0000 - 0x00007ffa940d3000 	C:\Program Files\Java\jre1.8.0_271\bin\api-ms-win-crt-locale-l1-1-0.dll
0x00007ffa940c0000 - 0x00007ffa940c5000 	C:\Program Files\Java\jre1.8.0_271\bin\api-ms-win-crt-math-l1-1-0.dll
0x00007ffa940b0000 - 0x00007ffa940b3000 	C:\Program Files\Java\jre1.8.0_271\bin\api-ms-win-crt-filesystem-l1-1-0.dll
0x00007ffa93b40000 - 0x00007ffa93b43000 	C:\Program Files\Java\jre1.8.0_271\bin\api-ms-win-crt-time-l1-1-0.dll
0x00007ffa936b0000 - 0x00007ffa936b3000 	C:\Program Files\Java\jre1.8.0_271\bin\api-ms-win-crt-environment-l1-1-0.dll
0x00007ffa93120000 - 0x00007ffa93123000 	C:\Program Files\Java\jre1.8.0_271\bin\api-ms-win-crt-utility-l1-1-0.dll
0x000000005a710000 - 0x000000005af7f000 	C:\Program Files\Java\jre1.8.0_271\bin\server\jvm.dll
0x00007ffa7d620000 - 0x00007ffa7d629000 	C:\Windows\SYSTEM32\WSOCK32.dll
0x00007ffa912e0000 - 0x00007ffa912ff000 	C:\Windows\SYSTEM32\WINMM.dll
0x00007ffa92b50000 - 0x00007ffa92b5a000 	C:\Windows\SYSTEM32\VERSION.dll
0x00007ffa9b8b0000 - 0x00007ffa9b8b7000 	C:\Windows\system32\PSAPI.DLL
0x00007ffa9b270000 - 0x00007ffa9b2c8000 	C:\Windows\system32\WS2_32.dll
0x00007ffa912b0000 - 0x00007ffa912da000 	C:\Windows\SYSTEM32\WINMMBASE.dll
0x00007ffa9ac30000 - 0x00007ffa9ac39000 	C:\Windows\system32\NSI.dll
0x00007ffa9a7e0000 - 0x00007ffa9a82a000 	C:\Windows\SYSTEM32\cfgmgr32.dll
0x00007ffa993c0000 - 0x00007ffa993e6000 	C:\Windows\SYSTEM32\DEVOBJ.dll
0x00007ffa70130000 - 0x00007ffa70140000 	C:\Program Files\Java\jre1.8.0_271\bin\verify.dll
0x00007ffa70100000 - 0x00007ffa7012b000 	C:\Program Files\Java\jre1.8.0_271\bin\java.dll
0x00007ffa700d0000 - 0x00007ffa700e8000 	C:\Program Files\Java\jre1.8.0_271\bin\zip.dll
0x00007ffa81540000 - 0x00007ffa816c8000 	C:\Windows\SYSTEM32\dbghelp.dll

VM Arguments:
jvm_args: -Dfile.encoding=Cp1252 
java_command: com.service.CountWordsMain
java_class_path (initial): C:\Users\Welcome\Desktop\mine\Day 8\bin
Launcher Type: SUN_STANDARD

Environment Variables:
PATH=C:/Program Files/Java/jre1.8.0_271/bin/server;C:/Program Files/Java/jre1.8.0_271/bin;C:/Program Files/Java/jre1.8.0_271/lib/amd64;C:\Program Files\WinRAR;C:\Program Files (x86)\Common Files\Oracle\Java\javapath;C:\oraclexe\app\oracle\product\10.2.0\server\bin;C:\Program Files (x86)\Intel\iCLS Client\;C:\Program Files\Intel\iCLS Client\;C:\Windows\system32;C:\Windows;C:\Windows\System32\Wbem;C:\Windows\System32\WindowsPowerShell\v1.0\;C:\Program Files\Intel\WiFi\bin\;C:\Program Files\Common Files\Intel\WirelessCommon\;C:\Program Files\Intel\Intel(R) Management Engine Components\DAL;C:\Program Files (x86)\Intel\Intel(R) Management Engine Components\DAL;C:\Program Files\Intel\Intel(R) Management Engine Components\IPT;C:\Program Files (x86)\Intel\Intel(R) Management Engine Components\IPT;C:\Program Files (x86)\Common Files\lenovo\easyplussdk\bin;C:\Program Files (x86)\Skype\Phone\;C:\Program Files (x86)\Microsoft SQL Server\100\Tools\Binn\;C:\Program Files\Microsoft SQL Server\100\Tools\Binn\;C:\Program Files\Microsoft SQL Server\100\DTS\Binn\;C:\Android;C:\Windows\System32;C:\Program Files\Java\jdk1.8.0_271\bin;C:\Users\Welcome\AppData\Local\Programs\Python\Python36-32\Scripts\;C:\Users\Welcome\AppData\Local\Programs\Python\Python36-32\;C:\Program Files\Intel\WiFi\bin\;C:\Program Files\Common Files\Intel\WirelessCommon\;C:\Users\Welcome\AppData\Local\Temp\Rar$EXa0.209\eclipse;
USERNAME=Welcome
OS=Windows_NT
PROCESSOR_IDENTIFIER=Intel64 Family 6 Model 61 Stepping 4, GenuineIntel



---------------  S Y S T E M  ---------------

OS: Windows 8.1 , 64 bit Build 9600 (6.3.9600.17056)

CPU:total 4 (initial active 4) (2 cores per cpu, 2 threads per core) family 6 model 61 stepping 4, cmov, cx8, fxsr, mmx, sse, sse2, sse3, ssse3, sse4.1, sse4.2, popcnt, avx, avx2, aes, clmul, erms, 3dnowpref, lzcnt, ht, tsc, tscinvbit, bmi1, bmi2, adx

Memory: 4k page, physical 8306864k(2552204k free), swap 11452592k(5156k free)

vm_info: Java HotSpot(TM) 64-Bit Server VM (25.271-b09) for windows-amd64 JRE (1.8.0_271-b09), built on Sep 16 2020 19:14:59 by "" with MS VC++ 15.9 (VS2017)

time: Thu Nov 12 10:42:50 2020
timezone: India Standard Time
elapsed time: 0.361506 seconds (0d 0h 0m 0s)

